The system is: Linux - 4.14.81.bm.15-amd64 - x86_64
Compiling the C compiler identification source file "CMakeCCompilerId.c" succeeded.
Compiler: /usr/bin/cc 
Build flags: 
Id flags:  

The output was:
0


Compilation of the C compiler identification source "CMakeCCompilerId.c" produced "a.out"

The C compiler identification is GNU, found in "/home/zhangjie.tzhangj/leveldb/build/CMakeFiles/3.13.0/CompilerIdC/a.out"

Compiling the CXX compiler identification source file "CMakeCXXCompilerId.cpp" succeeded.
Compiler: /usr/bin/c++ 
Build flags: 
Id flags:  

The output was:
0


Compilation of the CXX compiler identification source "CMakeCXXCompilerId.cpp" produced "a.out"

The CXX compiler identification is GNU, found in "/home/zhangjie.tzhangj/leveldb/build/CMakeFiles/3.13.0/CompilerIdCXX/a.out"

Determining if the C compiler works passed with the following output:
Change Dir: /home/zhangjie.tzhangj/leveldb/build/CMakeFiles/CMakeTmp

Run Build Command:"/usr/bin/make" "cmTC_d1145/fast"
/usr/bin/make -f CMakeFiles/cmTC_d1145.dir/build.make CMakeFiles/cmTC_d1145.dir/build
make[1]: Entering directory '/data00/home/zhangjie.tzhangj/leveldb/build/CMakeFiles/CMakeTmp'
Building C object CMakeFiles/cmTC_d1145.dir/testCCompiler.c.o
/usr/bin/cc    -o CMakeFiles/cmTC_d1145.dir/testCCompiler.c.o   -c /home/zhangjie.tzhangj/leveldb/build/CMakeFiles/CMakeTmp/testCCompiler.c
Linking C executable cmTC_d1145
/data00/cmake-3.13.0/bin/cmake -E cmake_link_script CMakeFiles/cmTC_d1145.dir/link.txt --verbose=1
/usr/bin/cc      CMakeFiles/cmTC_d1145.dir/testCCompiler.c.o  -o cmTC_d1145 
make[1]: Leaving directory '/data00/home/zhangjie.tzhangj/leveldb/build/CMakeFiles/CMakeTmp'


Detecting C compiler ABI info compiled with the following output:
Change Dir: /home/zhangjie.tzhangj/leveldb/build/CMakeFiles/CMakeTmp

Run Build Command:"/usr/bin/make" "cmTC_2aa75/fast"
/usr/bin/make -f CMakeFiles/cmTC_2aa75.dir/build.make CMakeFiles/cmTC_2aa75.dir/build
make[1]: Entering directory '/data00/home/zhangjie.tzhangj/leveldb/build/CMakeFiles/CMakeTmp'
Building C object CMakeFiles/cmTC_2aa75.dir/CMakeCCompilerABI.c.o
/usr/bin/cc    -o CMakeFiles/cmTC_2aa75.dir/CMakeCCompilerABI.c.o   -c /data00/cmake-3.13.0/share/cmake-3.13/Modules/CMakeCCompilerABI.c
Linking C executable cmTC_2aa75
/data00/cmake-3.13.0/bin/cmake -E cmake_link_script CMakeFiles/cmTC_2aa75.dir/link.txt --verbose=1
/usr/bin/cc     -v CMakeFiles/cmTC_2aa75.dir/CMakeCCompilerABI.c.o  -o cmTC_2aa75 
Using built-in specs.
COLLECT_GCC=/usr/bin/cc
COLLECT_LTO_WRAPPER=/usr/lib/gcc/x86_64-linux-gnu/6/lto-wrapper
Target: x86_64-linux-gnu
Configured with: ../src/configure -v --with-pkgversion='Debian 6.3.0-18+deb9u1' --with-bugurl=file:///usr/share/doc/gcc-6/README.Bugs --enable-languages=c,ada,c++,java,go,d,fortran,objc,obj-c++ --prefix=/usr --program-suffix=-6 --program-prefix=x86_64-linux-gnu- --enable-shared --enable-linker-build-id --libexecdir=/usr/lib --without-included-gettext --enable-threads=posix --libdir=/usr/lib --enable-nls --with-sysroot=/ --enable-clocale=gnu --enable-libstdcxx-debug --enable-libstdcxx-time=yes --with-default-libstdcxx-abi=new --enable-gnu-unique-object --disable-vtable-verify --enable-libmpx --enable-plugin --enable-default-pie --with-system-zlib --disable-browser-plugin --enable-java-awt=gtk --enable-gtk-cairo --with-java-home=/usr/lib/jvm/java-1.5.0-gcj-6-amd64/jre --enable-java-home --with-jvm-root-dir=/usr/lib/jvm/java-1.5.0-gcj-6-amd64 --with-jvm-jar-dir=/usr/lib/jvm-exports/java-1.5.0-gcj-6-amd64 --with-arch-directory=amd64 --with-ecj-jar=/usr/share/java/eclipse-ecj.jar --with-target-system-zlib --enable-objc-gc=auto --enable-multiarch --with-arch-32=i686 --with-abi=m64 --with-multilib-list=m32,m64,mx32 --enable-multilib --with-tune=generic --enable-checking=release --build=x86_64-linux-gnu --host=x86_64-linux-gnu --target=x86_64-linux-gnu
Thread model: posix
gcc version 6.3.0 20170516 (Debian 6.3.0-18+deb9u1) 
COMPILER_PATH=/usr/lib/gcc/x86_64-linux-gnu/6/:/usr/lib/gcc/x86_64-linux-gnu/6/:/usr/lib/gcc/x86_64-linux-gnu/:/usr/lib/gcc/x86_64-linux-gnu/6/:/usr/lib/gcc/x86_64-linux-gnu/
LIBRARY_PATH=/usr/lib/gcc/x86_64-linux-gnu/6/:/usr/lib/gcc/x86_64-linux-gnu/6/../../../x86_64-linux-gnu/:/usr/lib/gcc/x86_64-linux-gnu/6/../../../../lib/:/lib/x86_64-linux-gnu/:/lib/../lib/:/usr/lib/x86_64-linux-gnu/:/usr/lib/../lib/:/usr/lib/gcc/x86_64-linux-gnu/6/../../../:/lib/:/usr/lib/
COLLECT_GCC_OPTIONS='-v' '-o' 'cmTC_2aa75' '-mtune=generic' '-march=x86-64'
 /usr/lib/gcc/x86_64-linux-gnu/6/collect2 -plugin /usr/lib/gcc/x86_64-linux-gnu/6/liblto_plugin.so -plugin-opt=/usr/lib/gcc/x86_64-linux-gnu/6/lto-wrapper -plugin-opt=-fresolution=/tmp/ccP5gNnc.res -plugin-opt=-pass-through=-lgcc -plugin-opt=-pass-through=-lgcc_s -plugin-opt=-pass-through=-lc -plugin-opt=-pass-through=-lgcc -plugin-opt=-pass-through=-lgcc_s --sysroot=/ --build-id --eh-frame-hdr -m elf_x86_64 --hash-style=gnu -dynamic-linker /lib64/ld-linux-x86-64.so.2 -pie -o cmTC_2aa75 /usr/lib/gcc/x86_64-linux-gnu/6/../../../x86_64-linux-gnu/Scrt1.o /usr/lib/gcc/x86_64-linux-gnu/6/../../../x86_64-linux-gnu/crti.o /usr/lib/gcc/x86_64-linux-gnu/6/crtbeginS.o -L/usr/lib/gcc/x86_64-linux-gnu/6 -L/usr/lib/gcc/x86_64-linux-gnu/6/../../../x86_64-linux-gnu -L/usr/lib/gcc/x86_64-linux-gnu/6/../../../../lib -L/lib/x86_64-linux-gnu -L/lib/../lib -L/usr/lib/x86_64-linux-gnu -L/usr/lib/../lib -L/usr/lib/gcc/x86_64-linux-gnu/6/../../.. CMakeFiles/cmTC_2aa75.dir/CMakeCCompilerABI.c.o -lgcc --as-needed -lgcc_s --no-as-needed -lc -lgcc --as-needed -lgcc_s --no-as-needed /usr/lib/gcc/x86_64-linux-gnu/6/crtendS.o /usr/lib/gcc/x86_64-linux-gnu/6/../../../x86_64-linux-gnu/crtn.o
COLLECT_GCC_OPTIONS='-v' '-o' 'cmTC_2aa75' '-mtune=generic' '-march=x86-64'
make[1]: Leaving directory '/data00/home/zhangjie.tzhangj/leveldb/build/CMakeFiles/CMakeTmp'


Parsed C implicit link information from above output:
  link line regex: [^( *|.*[/\])(ld|CMAKE_LINK_STARTFILE-NOTFOUND|([^/\]+-)?ld|collect2)[^/\]*( |$)]
  ignore line: [Change Dir: /home/zhangjie.tzhangj/leveldb/build/CMakeFiles/CMakeTmp]
  ignore line: []
  ignore line: [Run Build Command:"/usr/bin/make" "cmTC_2aa75/fast"]
  ignore line: [/usr/bin/make -f CMakeFiles/cmTC_2aa75.dir/build.make CMakeFiles/cmTC_2aa75.dir/build]
  ignore line: [make[1]: Entering directory '/data00/home/zhangjie.tzhangj/leveldb/build/CMakeFiles/CMakeTmp']
  ignore line: [Building C object CMakeFiles/cmTC_2aa75.dir/CMakeCCompilerABI.c.o]
  ignore line: [/usr/bin/cc    -o CMakeFiles/cmTC_2aa75.dir/CMakeCCompilerABI.c.o   -c /data00/cmake-3.13.0/share/cmake-3.13/Modules/CMakeCCompilerABI.c]
  ignore line: [Linking C executable cmTC_2aa75]
  ignore line: [/data00/cmake-3.13.0/bin/cmake -E cmake_link_script CMakeFiles/cmTC_2aa75.dir/link.txt --verbose=1]
  ignore line: [/usr/bin/cc     -v CMakeFiles/cmTC_2aa75.dir/CMakeCCompilerABI.c.o  -o cmTC_2aa75 ]
  ignore line: [Using built-in specs.]
  ignore line: [COLLECT_GCC=/usr/bin/cc]
  ignore line: [COLLECT_LTO_WRAPPER=/usr/lib/gcc/x86_64-linux-gnu/6/lto-wrapper]
  ignore line: [Target: x86_64-linux-gnu]
  ignore line: [Configured with: ../src/configure -v --with-pkgversion='Debian 6.3.0-18+deb9u1' --with-bugurl=file:///usr/share/doc/gcc-6/README.Bugs --enable-languages=c,ada,c++,java,go,d,fortran,objc,obj-c++ --prefix=/usr --program-suffix=-6 --program-prefix=x86_64-linux-gnu- --enable-shared --enable-linker-build-id --libexecdir=/usr/lib --without-included-gettext --enable-threads=posix --libdir=/usr/lib --enable-nls --with-sysroot=/ --enable-clocale=gnu --enable-libstdcxx-debug --enable-libstdcxx-time=yes --with-default-libstdcxx-abi=new --enable-gnu-unique-object --disable-vtable-verify --enable-libmpx --enable-plugin --enable-default-pie --with-system-zlib --disable-browser-plugin --enable-java-awt=gtk --enable-gtk-cairo --with-java-home=/usr/lib/jvm/java-1.5.0-gcj-6-amd64/jre --enable-java-home --with-jvm-root-dir=/usr/lib/jvm/java-1.5.0-gcj-6-amd64 --with-jvm-jar-dir=/usr/lib/jvm-exports/java-1.5.0-gcj-6-amd64 --with-arch-directory=amd64 --with-ecj-jar=/usr/share/java/eclipse-ecj.jar --with-target-system-zlib --enable-objc-gc=auto --enable-multiarch --with-arch-32=i686 --with-abi=m64 --with-multilib-list=m32,m64,mx32 --enable-multilib --with-tune=generic --enable-checking=release --build=x86_64-linux-gnu --host=x86_64-linux-gnu --target=x86_64-linux-gnu]
  ignore line: [Thread model: posix]
  ignore line: [gcc version 6.3.0 20170516 (Debian 6.3.0-18+deb9u1) ]
  ignore line: [COMPILER_PATH=/usr/lib/gcc/x86_64-linux-gnu/6/:/usr/lib/gcc/x86_64-linux-gnu/6/:/usr/lib/gcc/x86_64-linux-gnu/:/usr/lib/gcc/x86_64-linux-gnu/6/:/usr/lib/gcc/x86_64-linux-gnu/]
  ignore line: [LIBRARY_PATH=/usr/lib/gcc/x86_64-linux-gnu/6/:/usr/lib/gcc/x86_64-linux-gnu/6/../../../x86_64-linux-gnu/:/usr/lib/gcc/x86_64-linux-gnu/6/../../../../lib/:/lib/x86_64-linux-gnu/:/lib/../lib/:/usr/lib/x86_64-linux-gnu/:/usr/lib/../lib/:/usr/lib/gcc/x86_64-linux-gnu/6/../../../:/lib/:/usr/lib/]
  ignore line: [COLLECT_GCC_OPTIONS='-v' '-o' 'cmTC_2aa75' '-mtune=generic' '-march=x86-64']
  link line: [ /usr/lib/gcc/x86_64-linux-gnu/6/collect2 -plugin /usr/lib/gcc/x86_64-linux-gnu/6/liblto_plugin.so -plugin-opt=/usr/lib/gcc/x86_64-linux-gnu/6/lto-wrapper -plugin-opt=-fresolution=/tmp/ccP5gNnc.res -plugin-opt=-pass-through=-lgcc -plugin-opt=-pass-through=-lgcc_s -plugin-opt=-pass-through=-lc -plugin-opt=-pass-through=-lgcc -plugin-opt=-pass-through=-lgcc_s --sysroot=/ --build-id --eh-frame-hdr -m elf_x86_64 --hash-style=gnu -dynamic-linker /lib64/ld-linux-x86-64.so.2 -pie -o cmTC_2aa75 /usr/lib/gcc/x86_64-linux-gnu/6/../../../x86_64-linux-gnu/Scrt1.o /usr/lib/gcc/x86_64-linux-gnu/6/../../../x86_64-linux-gnu/crti.o /usr/lib/gcc/x86_64-linux-gnu/6/crtbeginS.o -L/usr/lib/gcc/x86_64-linux-gnu/6 -L/usr/lib/gcc/x86_64-linux-gnu/6/../../../x86_64-linux-gnu -L/usr/lib/gcc/x86_64-linux-gnu/6/../../../../lib -L/lib/x86_64-linux-gnu -L/lib/../lib -L/usr/lib/x86_64-linux-gnu -L/usr/lib/../lib -L/usr/lib/gcc/x86_64-linux-gnu/6/../../.. CMakeFiles/cmTC_2aa75.dir/CMakeCCompilerABI.c.o -lgcc --as-needed -lgcc_s --no-as-needed -lc -lgcc --as-needed -lgcc_s --no-as-needed /usr/lib/gcc/x86_64-linux-gnu/6/crtendS.o /usr/lib/gcc/x86_64-linux-gnu/6/../../../x86_64-linux-gnu/crtn.o]
    arg [/usr/lib/gcc/x86_64-linux-gnu/6/collect2] ==> ignore
    arg [-plugin] ==> ignore
    arg [/usr/lib/gcc/x86_64-linux-gnu/6/liblto_plugin.so] ==> ignore
    arg [-plugin-opt=/usr/lib/gcc/x86_64-linux-gnu/6/lto-wrapper] ==> ignore
    arg [-plugin-opt=-fresolution=/tmp/ccP5gNnc.res] ==> ignore
    arg [-plugin-opt=-pass-through=-lgcc] ==> ignore
    arg [-plugin-opt=-pass-through=-lgcc_s] ==> ignore
    arg [-plugin-opt=-pass-through=-lc] ==> ignore
    arg [-plugin-opt=-pass-through=-lgcc] ==> ignore
    arg [-plugin-opt=-pass-through=-lgcc_s] ==> ignore
    arg [--sysroot=/] ==> ignore
    arg [--build-id] ==> ignore
    arg [--eh-frame-hdr] ==> ignore
    arg [-m] ==> ignore
    arg [elf_x86_64] ==> ignore
    arg [--hash-style=gnu] ==> ignore
    arg [-dynamic-linker] ==> ignore
    arg [/lib64/ld-linux-x86-64.so.2] ==> ignore
    arg [-pie] ==> ignore
    arg [-o] ==> ignore
    arg [cmTC_2aa75] ==> ignore
    arg [/usr/lib/gcc/x86_64-linux-gnu/6/../../../x86_64-linux-gnu/Scrt1.o] ==> ignore
    arg [/usr/lib/gcc/x86_64-linux-gnu/6/../../../x86_64-linux-gnu/crti.o] ==> ignore
    arg [/usr/lib/gcc/x86_64-linux-gnu/6/crtbeginS.o] ==> ignore
    arg [-L/usr/lib/gcc/x86_64-linux-gnu/6] ==> dir [/usr/lib/gcc/x86_64-linux-gnu/6]
    arg [-L/usr/lib/gcc/x86_64-linux-gnu/6/../../../x86_64-linux-gnu] ==> dir [/usr/lib/gcc/x86_64-linux-gnu/6/../../../x86_64-linux-gnu]
    arg [-L/usr/lib/gcc/x86_64-linux-gnu/6/../../../../lib] ==> dir [/usr/lib/gcc/x86_64-linux-gnu/6/../../../../lib]
    arg [-L/lib/x86_64-linux-gnu] ==> dir [/lib/x86_64-linux-gnu]
    arg [-L/lib/../lib] ==> dir [/lib/../lib]
    arg [-L/usr/lib/x86_64-linux-gnu] ==> dir [/usr/lib/x86_64-linux-gnu]
    arg [-L/usr/lib/../lib] ==> dir [/usr/lib/../lib]
    arg [-L/usr/lib/gcc/x86_64-linux-gnu/6/../../..] ==> dir [/usr/lib/gcc/x86_64-linux-gnu/6/../../..]
    arg [CMakeFiles/cmTC_2aa75.dir/CMakeCCompilerABI.c.o] ==> ignore
    arg [-lgcc] ==> lib [gcc]
    arg [--as-needed] ==> ignore
    arg [-lgcc_s] ==> lib [gcc_s]
    arg [--no-as-needed] ==> ignore
    arg [-lc] ==> lib [c]
    arg [-lgcc] ==> lib [gcc]
    arg [--as-needed] ==> ignore
    arg [-lgcc_s] ==> lib [gcc_s]
    arg [--no-as-needed] ==> ignore
    arg [/usr/lib/gcc/x86_64-linux-gnu/6/crtendS.o] ==> ignore
    arg [/usr/lib/gcc/x86_64-linux-gnu/6/../../../x86_64-linux-gnu/crtn.o] ==> ignore
  collapse library dir [/usr/lib/gcc/x86_64-linux-gnu/6] ==> [/usr/lib/gcc/x86_64-linux-gnu/6]
  collapse library dir [/usr/lib/gcc/x86_64-linux-gnu/6/../../../x86_64-linux-gnu] ==> [/usr/lib/x86_64-linux-gnu]
  collapse library dir [/usr/lib/gcc/x86_64-linux-gnu/6/../../../../lib] ==> [/usr/lib]
  collapse library dir [/lib/x86_64-linux-gnu] ==> [/lib/x86_64-linux-gnu]
  collapse library dir [/lib/../lib] ==> [/lib]
  collapse library dir [/usr/lib/x86_64-linux-gnu] ==> [/usr/lib/x86_64-linux-gnu]
  collapse library dir [/usr/lib/../lib] ==> [/usr/lib]
  collapse library dir [/usr/lib/gcc/x86_64-linux-gnu/6/../../..] ==> [/usr/lib]
  implicit libs: [gcc;gcc_s;c;gcc;gcc_s]
  implicit dirs: [/usr/lib/gcc/x86_64-linux-gnu/6;/usr/lib/x86_64-linux-gnu;/usr/lib;/lib/x86_64-linux-gnu;/lib]
  implicit fwks: []




Detecting C [-std=c11] compiler features compiled with the following output:
Change Dir: /home/zhangjie.tzhangj/leveldb/build/CMakeFiles/CMakeTmp

Run Build Command:"/usr/bin/make" "cmTC_22b00/fast"
/usr/bin/make -f CMakeFiles/cmTC_22b00.dir/build.make CMakeFiles/cmTC_22b00.dir/build
make[1]: Entering directory '/data00/home/zhangjie.tzhangj/leveldb/build/CMakeFiles/CMakeTmp'
Building C object CMakeFiles/cmTC_22b00.dir/feature_tests.c.o
/usr/bin/cc   -std=c11 -o CMakeFiles/cmTC_22b00.dir/feature_tests.c.o   -c /home/zhangjie.tzhangj/leveldb/build/CMakeFiles/feature_tests.c
Linking C executable cmTC_22b00
/data00/cmake-3.13.0/bin/cmake -E cmake_link_script CMakeFiles/cmTC_22b00.dir/link.txt --verbose=1
/usr/bin/cc      CMakeFiles/cmTC_22b00.dir/feature_tests.c.o  -o cmTC_22b00 
make[1]: Leaving directory '/data00/home/zhangjie.tzhangj/leveldb/build/CMakeFiles/CMakeTmp'


    Feature record: C_FEATURE:1c_function_prototypes
    Feature record: C_FEATURE:1c_restrict
    Feature record: C_FEATURE:1c_static_assert
    Feature record: C_FEATURE:1c_variadic_macros


Detecting C [-std=c99] compiler features compiled with the following output:
Change Dir: /home/zhangjie.tzhangj/leveldb/build/CMakeFiles/CMakeTmp

Run Build Command:"/usr/bin/make" "cmTC_43970/fast"
/usr/bin/make -f CMakeFiles/cmTC_43970.dir/build.make CMakeFiles/cmTC_43970.dir/build
make[1]: Entering directory '/data00/home/zhangjie.tzhangj/leveldb/build/CMakeFiles/CMakeTmp'
Building C object CMakeFiles/cmTC_43970.dir/feature_tests.c.o
/usr/bin/cc   -std=c99 -o CMakeFiles/cmTC_43970.dir/feature_tests.c.o   -c /home/zhangjie.tzhangj/leveldb/build/CMakeFiles/feature_tests.c
Linking C executable cmTC_43970
/data00/cmake-3.13.0/bin/cmake -E cmake_link_script CMakeFiles/cmTC_43970.dir/link.txt --verbose=1
/usr/bin/cc      CMakeFiles/cmTC_43970.dir/feature_tests.c.o  -o cmTC_43970 
make[1]: Leaving directory '/data00/home/zhangjie.tzhangj/leveldb/build/CMakeFiles/CMakeTmp'


    Feature record: C_FEATURE:1c_function_prototypes
    Feature record: C_FEATURE:1c_restrict
    Feature record: C_FEATURE:0c_static_assert
    Feature record: C_FEATURE:1c_variadic_macros


Detecting C [-std=c90] compiler features compiled with the following output:
Change Dir: /home/zhangjie.tzhangj/leveldb/build/CMakeFiles/CMakeTmp

Run Build Command:"/usr/bin/make" "cmTC_735a9/fast"
/usr/bin/make -f CMakeFiles/cmTC_735a9.dir/build.make CMakeFiles/cmTC_735a9.dir/build
make[1]: Entering directory '/data00/home/zhangjie.tzhangj/leveldb/build/CMakeFiles/CMakeTmp'
Building C object CMakeFiles/cmTC_735a9.dir/feature_tests.c.o
/usr/bin/cc   -std=c90 -o CMakeFiles/cmTC_735a9.dir/feature_tests.c.o   -c /home/zhangjie.tzhangj/leveldb/build/CMakeFiles/feature_tests.c
Linking C executable cmTC_735a9
/data00/cmake-3.13.0/bin/cmake -E cmake_link_script CMakeFiles/cmTC_735a9.dir/link.txt --verbose=1
/usr/bin/cc      CMakeFiles/cmTC_735a9.dir/feature_tests.c.o  -o cmTC_735a9 
make[1]: Leaving directory '/data00/home/zhangjie.tzhangj/leveldb/build/CMakeFiles/CMakeTmp'


    Feature record: C_FEATURE:1c_function_prototypes
    Feature record: C_FEATURE:0c_restrict
    Feature record: C_FEATURE:0c_static_assert
    Feature record: C_FEATURE:0c_variadic_macros
Determining if the CXX compiler works passed with the following output:
Change Dir: /home/zhangjie.tzhangj/leveldb/build/CMakeFiles/CMakeTmp

Run Build Command:"/usr/bin/make" "cmTC_2467a/fast"
/usr/bin/make -f CMakeFiles/cmTC_2467a.dir/build.make CMakeFiles/cmTC_2467a.dir/build
make[1]: Entering directory '/data00/home/zhangjie.tzhangj/leveldb/build/CMakeFiles/CMakeTmp'
Building CXX object CMakeFiles/cmTC_2467a.dir/testCXXCompiler.cxx.o
/usr/bin/c++     -o CMakeFiles/cmTC_2467a.dir/testCXXCompiler.cxx.o -c /home/zhangjie.tzhangj/leveldb/build/CMakeFiles/CMakeTmp/testCXXCompiler.cxx
Linking CXX executable cmTC_2467a
/data00/cmake-3.13.0/bin/cmake -E cmake_link_script CMakeFiles/cmTC_2467a.dir/link.txt --verbose=1
/usr/bin/c++       CMakeFiles/cmTC_2467a.dir/testCXXCompiler.cxx.o  -o cmTC_2467a 
make[1]: Leaving directory '/data00/home/zhangjie.tzhangj/leveldb/build/CMakeFiles/CMakeTmp'


Detecting CXX compiler ABI info compiled with the following output:
Change Dir: /home/zhangjie.tzhangj/leveldb/build/CMakeFiles/CMakeTmp

Run Build Command:"/usr/bin/make" "cmTC_bc85f/fast"
/usr/bin/make -f CMakeFiles/cmTC_bc85f.dir/build.make CMakeFiles/cmTC_bc85f.dir/build
make[1]: Entering directory '/data00/home/zhangjie.tzhangj/leveldb/build/CMakeFiles/CMakeTmp'
Building CXX object CMakeFiles/cmTC_bc85f.dir/CMakeCXXCompilerABI.cpp.o
/usr/bin/c++     -o CMakeFiles/cmTC_bc85f.dir/CMakeCXXCompilerABI.cpp.o -c /data00/cmake-3.13.0/share/cmake-3.13/Modules/CMakeCXXCompilerABI.cpp
Linking CXX executable cmTC_bc85f
/data00/cmake-3.13.0/bin/cmake -E cmake_link_script CMakeFiles/cmTC_bc85f.dir/link.txt --verbose=1
/usr/bin/c++      -v CMakeFiles/cmTC_bc85f.dir/CMakeCXXCompilerABI.cpp.o  -o cmTC_bc85f 
Using built-in specs.
COLLECT_GCC=/usr/bin/c++
COLLECT_LTO_WRAPPER=/usr/lib/gcc/x86_64-linux-gnu/6/lto-wrapper
Target: x86_64-linux-gnu
Configured with: ../src/configure -v --with-pkgversion='Debian 6.3.0-18+deb9u1' --with-bugurl=file:///usr/share/doc/gcc-6/README.Bugs --enable-languages=c,ada,c++,java,go,d,fortran,objc,obj-c++ --prefix=/usr --program-suffix=-6 --program-prefix=x86_64-linux-gnu- --enable-shared --enable-linker-build-id --libexecdir=/usr/lib --without-included-gettext --enable-threads=posix --libdir=/usr/lib --enable-nls --with-sysroot=/ --enable-clocale=gnu --enable-libstdcxx-debug --enable-libstdcxx-time=yes --with-default-libstdcxx-abi=new --enable-gnu-unique-object --disable-vtable-verify --enable-libmpx --enable-plugin --enable-default-pie --with-system-zlib --disable-browser-plugin --enable-java-awt=gtk --enable-gtk-cairo --with-java-home=/usr/lib/jvm/java-1.5.0-gcj-6-amd64/jre --enable-java-home --with-jvm-root-dir=/usr/lib/jvm/java-1.5.0-gcj-6-amd64 --with-jvm-jar-dir=/usr/lib/jvm-exports/java-1.5.0-gcj-6-amd64 --with-arch-directory=amd64 --with-ecj-jar=/usr/share/java/eclipse-ecj.jar --with-target-system-zlib --enable-objc-gc=auto --enable-multiarch --with-arch-32=i686 --with-abi=m64 --with-multilib-list=m32,m64,mx32 --enable-multilib --with-tune=generic --enable-checking=release --build=x86_64-linux-gnu --host=x86_64-linux-gnu --target=x86_64-linux-gnu
Thread model: posix
gcc version 6.3.0 20170516 (Debian 6.3.0-18+deb9u1) 
COMPILER_PATH=/usr/lib/gcc/x86_64-linux-gnu/6/:/usr/lib/gcc/x86_64-linux-gnu/6/:/usr/lib/gcc/x86_64-linux-gnu/:/usr/lib/gcc/x86_64-linux-gnu/6/:/usr/lib/gcc/x86_64-linux-gnu/
LIBRARY_PATH=/usr/lib/gcc/x86_64-linux-gnu/6/:/usr/lib/gcc/x86_64-linux-gnu/6/../../../x86_64-linux-gnu/:/usr/lib/gcc/x86_64-linux-gnu/6/../../../../lib/:/lib/x86_64-linux-gnu/:/lib/../lib/:/usr/lib/x86_64-linux-gnu/:/usr/lib/../lib/:/usr/lib/gcc/x86_64-linux-gnu/6/../../../:/lib/:/usr/lib/
COLLECT_GCC_OPTIONS='-v' '-o' 'cmTC_bc85f' '-shared-libgcc' '-mtune=generic' '-march=x86-64'
 /usr/lib/gcc/x86_64-linux-gnu/6/collect2 -plugin /usr/lib/gcc/x86_64-linux-gnu/6/liblto_plugin.so -plugin-opt=/usr/lib/gcc/x86_64-linux-gnu/6/lto-wrapper -plugin-opt=-fresolution=/tmp/ccjN3qUr.res -plugin-opt=-pass-through=-lgcc_s -plugin-opt=-pass-through=-lgcc -plugin-opt=-pass-through=-lc -plugin-opt=-pass-through=-lgcc_s -plugin-opt=-pass-through=-lgcc --sysroot=/ --build-id --eh-frame-hdr -m elf_x86_64 --hash-style=gnu -dynamic-linker /lib64/ld-linux-x86-64.so.2 -pie -o cmTC_bc85f /usr/lib/gcc/x86_64-linux-gnu/6/../../../x86_64-linux-gnu/Scrt1.o /usr/lib/gcc/x86_64-linux-gnu/6/../../../x86_64-linux-gnu/crti.o /usr/lib/gcc/x86_64-linux-gnu/6/crtbeginS.o -L/usr/lib/gcc/x86_64-linux-gnu/6 -L/usr/lib/gcc/x86_64-linux-gnu/6/../../../x86_64-linux-gnu -L/usr/lib/gcc/x86_64-linux-gnu/6/../../../../lib -L/lib/x86_64-linux-gnu -L/lib/../lib -L/usr/lib/x86_64-linux-gnu -L/usr/lib/../lib -L/usr/lib/gcc/x86_64-linux-gnu/6/../../.. CMakeFiles/cmTC_bc85f.dir/CMakeCXXCompilerABI.cpp.o -lstdc++ -lm -lgcc_s -lgcc -lc -lgcc_s -lgcc /usr/lib/gcc/x86_64-linux-gnu/6/crtendS.o /usr/lib/gcc/x86_64-linux-gnu/6/../../../x86_64-linux-gnu/crtn.o
COLLECT_GCC_OPTIONS='-v' '-o' 'cmTC_bc85f' '-shared-libgcc' '-mtune=generic' '-march=x86-64'
make[1]: Leaving directory '/data00/home/zhangjie.tzhangj/leveldb/build/CMakeFiles/CMakeTmp'


Parsed CXX implicit link information from above output:
  link line regex: [^( *|.*[/\])(ld|CMAKE_LINK_STARTFILE-NOTFOUND|([^/\]+-)?ld|collect2)[^/\]*( |$)]
  ignore line: [Change Dir: /home/zhangjie.tzhangj/leveldb/build/CMakeFiles/CMakeTmp]
  ignore line: []
  ignore line: [Run Build Command:"/usr/bin/make" "cmTC_bc85f/fast"]
  ignore line: [/usr/bin/make -f CMakeFiles/cmTC_bc85f.dir/build.make CMakeFiles/cmTC_bc85f.dir/build]
  ignore line: [make[1]: Entering directory '/data00/home/zhangjie.tzhangj/leveldb/build/CMakeFiles/CMakeTmp']
  ignore line: [Building CXX object CMakeFiles/cmTC_bc85f.dir/CMakeCXXCompilerABI.cpp.o]
  ignore line: [/usr/bin/c++     -o CMakeFiles/cmTC_bc85f.dir/CMakeCXXCompilerABI.cpp.o -c /data00/cmake-3.13.0/share/cmake-3.13/Modules/CMakeCXXCompilerABI.cpp]
  ignore line: [Linking CXX executable cmTC_bc85f]
  ignore line: [/data00/cmake-3.13.0/bin/cmake -E cmake_link_script CMakeFiles/cmTC_bc85f.dir/link.txt --verbose=1]
  ignore line: [/usr/bin/c++      -v CMakeFiles/cmTC_bc85f.dir/CMakeCXXCompilerABI.cpp.o  -o cmTC_bc85f ]
  ignore line: [Using built-in specs.]
  ignore line: [COLLECT_GCC=/usr/bin/c++]
  ignore line: [COLLECT_LTO_WRAPPER=/usr/lib/gcc/x86_64-linux-gnu/6/lto-wrapper]
  ignore line: [Target: x86_64-linux-gnu]
  ignore line: [Configured with: ../src/configure -v --with-pkgversion='Debian 6.3.0-18+deb9u1' --with-bugurl=file:///usr/share/doc/gcc-6/README.Bugs --enable-languages=c,ada,c++,java,go,d,fortran,objc,obj-c++ --prefix=/usr --program-suffix=-6 --program-prefix=x86_64-linux-gnu- --enable-shared --enable-linker-build-id --libexecdir=/usr/lib --without-included-gettext --enable-threads=posix --libdir=/usr/lib --enable-nls --with-sysroot=/ --enable-clocale=gnu --enable-libstdcxx-debug --enable-libstdcxx-time=yes --with-default-libstdcxx-abi=new --enable-gnu-unique-object --disable-vtable-verify --enable-libmpx --enable-plugin --enable-default-pie --with-system-zlib --disable-browser-plugin --enable-java-awt=gtk --enable-gtk-cairo --with-java-home=/usr/lib/jvm/java-1.5.0-gcj-6-amd64/jre --enable-java-home --with-jvm-root-dir=/usr/lib/jvm/java-1.5.0-gcj-6-amd64 --with-jvm-jar-dir=/usr/lib/jvm-exports/java-1.5.0-gcj-6-amd64 --with-arch-directory=amd64 --with-ecj-jar=/usr/share/java/eclipse-ecj.jar --with-target-system-zlib --enable-objc-gc=auto --enable-multiarch --with-arch-32=i686 --with-abi=m64 --with-multilib-list=m32,m64,mx32 --enable-multilib --with-tune=generic --enable-checking=release --build=x86_64-linux-gnu --host=x86_64-linux-gnu --target=x86_64-linux-gnu]
  ignore line: [Thread model: posix]
  ignore line: [gcc version 6.3.0 20170516 (Debian 6.3.0-18+deb9u1) ]
  ignore line: [COMPILER_PATH=/usr/lib/gcc/x86_64-linux-gnu/6/:/usr/lib/gcc/x86_64-linux-gnu/6/:/usr/lib/gcc/x86_64-linux-gnu/:/usr/lib/gcc/x86_64-linux-gnu/6/:/usr/lib/gcc/x86_64-linux-gnu/]
  ignore line: [LIBRARY_PATH=/usr/lib/gcc/x86_64-linux-gnu/6/:/usr/lib/gcc/x86_64-linux-gnu/6/../../../x86_64-linux-gnu/:/usr/lib/gcc/x86_64-linux-gnu/6/../../../../lib/:/lib/x86_64-linux-gnu/:/lib/../lib/:/usr/lib/x86_64-linux-gnu/:/usr/lib/../lib/:/usr/lib/gcc/x86_64-linux-gnu/6/../../../:/lib/:/usr/lib/]
  ignore line: [COLLECT_GCC_OPTIONS='-v' '-o' 'cmTC_bc85f' '-shared-libgcc' '-mtune=generic' '-march=x86-64']
  link line: [ /usr/lib/gcc/x86_64-linux-gnu/6/collect2 -plugin /usr/lib/gcc/x86_64-linux-gnu/6/liblto_plugin.so -plugin-opt=/usr/lib/gcc/x86_64-linux-gnu/6/lto-wrapper -plugin-opt=-fresolution=/tmp/ccjN3qUr.res -plugin-opt=-pass-through=-lgcc_s -plugin-opt=-pass-through=-lgcc -plugin-opt=-pass-through=-lc -plugin-opt=-pass-through=-lgcc_s -plugin-opt=-pass-through=-lgcc --sysroot=/ --build-id --eh-frame-hdr -m elf_x86_64 --hash-style=gnu -dynamic-linker /lib64/ld-linux-x86-64.so.2 -pie -o cmTC_bc85f /usr/lib/gcc/x86_64-linux-gnu/6/../../../x86_64-linux-gnu/Scrt1.o /usr/lib/gcc/x86_64-linux-gnu/6/../../../x86_64-linux-gnu/crti.o /usr/lib/gcc/x86_64-linux-gnu/6/crtbeginS.o -L/usr/lib/gcc/x86_64-linux-gnu/6 -L/usr/lib/gcc/x86_64-linux-gnu/6/../../../x86_64-linux-gnu -L/usr/lib/gcc/x86_64-linux-gnu/6/../../../../lib -L/lib/x86_64-linux-gnu -L/lib/../lib -L/usr/lib/x86_64-linux-gnu -L/usr/lib/../lib -L/usr/lib/gcc/x86_64-linux-gnu/6/../../.. CMakeFiles/cmTC_bc85f.dir/CMakeCXXCompilerABI.cpp.o -lstdc++ -lm -lgcc_s -lgcc -lc -lgcc_s -lgcc /usr/lib/gcc/x86_64-linux-gnu/6/crtendS.o /usr/lib/gcc/x86_64-linux-gnu/6/../../../x86_64-linux-gnu/crtn.o]
    arg [/usr/lib/gcc/x86_64-linux-gnu/6/collect2] ==> ignore
    arg [-plugin] ==> ignore
    arg [/usr/lib/gcc/x86_64-linux-gnu/6/liblto_plugin.so] ==> ignore
    arg [-plugin-opt=/usr/lib/gcc/x86_64-linux-gnu/6/lto-wrapper] ==> ignore
    arg [-plugin-opt=-fresolution=/tmp/ccjN3qUr.res] ==> ignore
    arg [-plugin-opt=-pass-through=-lgcc_s] ==> ignore
    arg [-plugin-opt=-pass-through=-lgcc] ==> ignore
    arg [-plugin-opt=-pass-through=-lc] ==> ignore
    arg [-plugin-opt=-pass-through=-lgcc_s] ==> ignore
    arg [-plugin-opt=-pass-through=-lgcc] ==> ignore
    arg [--sysroot=/] ==> ignore
    arg [--build-id] ==> ignore
    arg [--eh-frame-hdr] ==> ignore
    arg [-m] ==> ignore
    arg [elf_x86_64] ==> ignore
    arg [--hash-style=gnu] ==> ignore
    arg [-dynamic-linker] ==> ignore
    arg [/lib64/ld-linux-x86-64.so.2] ==> ignore
    arg [-pie] ==> ignore
    arg [-o] ==> ignore
    arg [cmTC_bc85f] ==> ignore
    arg [/usr/lib/gcc/x86_64-linux-gnu/6/../../../x86_64-linux-gnu/Scrt1.o] ==> ignore
    arg [/usr/lib/gcc/x86_64-linux-gnu/6/../../../x86_64-linux-gnu/crti.o] ==> ignore
    arg [/usr/lib/gcc/x86_64-linux-gnu/6/crtbeginS.o] ==> ignore
    arg [-L/usr/lib/gcc/x86_64-linux-gnu/6] ==> dir [/usr/lib/gcc/x86_64-linux-gnu/6]
    arg [-L/usr/lib/gcc/x86_64-linux-gnu/6/../../../x86_64-linux-gnu] ==> dir [/usr/lib/gcc/x86_64-linux-gnu/6/../../../x86_64-linux-gnu]
    arg [-L/usr/lib/gcc/x86_64-linux-gnu/6/../../../../lib] ==> dir [/usr/lib/gcc/x86_64-linux-gnu/6/../../../../lib]
    arg [-L/lib/x86_64-linux-gnu] ==> dir [/lib/x86_64-linux-gnu]
    arg [-L/lib/../lib] ==> dir [/lib/../lib]
    arg [-L/usr/lib/x86_64-linux-gnu] ==> dir [/usr/lib/x86_64-linux-gnu]
    arg [-L/usr/lib/../lib] ==> dir [/usr/lib/../lib]
    arg [-L/usr/lib/gcc/x86_64-linux-gnu/6/../../..] ==> dir [/usr/lib/gcc/x86_64-linux-gnu/6/../../..]
    arg [CMakeFiles/cmTC_bc85f.dir/CMakeCXXCompilerABI.cpp.o] ==> ignore
    arg [-lstdc++] ==> lib [stdc++]
    arg [-lm] ==> lib [m]
    arg [-lgcc_s] ==> lib [gcc_s]
    arg [-lgcc] ==> lib [gcc]
    arg [-lc] ==> lib [c]
    arg [-lgcc_s] ==> lib [gcc_s]
    arg [-lgcc] ==> lib [gcc]
    arg [/usr/lib/gcc/x86_64-linux-gnu/6/crtendS.o] ==> ignore
    arg [/usr/lib/gcc/x86_64-linux-gnu/6/../../../x86_64-linux-gnu/crtn.o] ==> ignore
  collapse library dir [/usr/lib/gcc/x86_64-linux-gnu/6] ==> [/usr/lib/gcc/x86_64-linux-gnu/6]
  collapse library dir [/usr/lib/gcc/x86_64-linux-gnu/6/../../../x86_64-linux-gnu] ==> [/usr/lib/x86_64-linux-gnu]
  collapse library dir [/usr/lib/gcc/x86_64-linux-gnu/6/../../../../lib] ==> [/usr/lib]
  collapse library dir [/lib/x86_64-linux-gnu] ==> [/lib/x86_64-linux-gnu]
  collapse library dir [/lib/../lib] ==> [/lib]
  collapse library dir [/usr/lib/x86_64-linux-gnu] ==> [/usr/lib/x86_64-linux-gnu]
  collapse library dir [/usr/lib/../lib] ==> [/usr/lib]
  collapse library dir [/usr/lib/gcc/x86_64-linux-gnu/6/../../..] ==> [/usr/lib]
  implicit libs: [stdc++;m;gcc_s;gcc;c;gcc_s;gcc]
  implicit dirs: [/usr/lib/gcc/x86_64-linux-gnu/6;/usr/lib/x86_64-linux-gnu;/usr/lib;/lib/x86_64-linux-gnu;/lib]
  implicit fwks: []




Detecting CXX [-std=c++1z] compiler features compiled with the following output:
Change Dir: /home/zhangjie.tzhangj/leveldb/build/CMakeFiles/CMakeTmp

Run Build Command:"/usr/bin/make" "cmTC_7826f/fast"
/usr/bin/make -f CMakeFiles/cmTC_7826f.dir/build.make CMakeFiles/cmTC_7826f.dir/build
make[1]: Entering directory '/data00/home/zhangjie.tzhangj/leveldb/build/CMakeFiles/CMakeTmp'
Building CXX object CMakeFiles/cmTC_7826f.dir/feature_tests.cxx.o
/usr/bin/c++    -std=c++1z -o CMakeFiles/cmTC_7826f.dir/feature_tests.cxx.o -c /home/zhangjie.tzhangj/leveldb/build/CMakeFiles/feature_tests.cxx
Linking CXX executable cmTC_7826f
/data00/cmake-3.13.0/bin/cmake -E cmake_link_script CMakeFiles/cmTC_7826f.dir/link.txt --verbose=1
/usr/bin/c++       CMakeFiles/cmTC_7826f.dir/feature_tests.cxx.o  -o cmTC_7826f 
make[1]: Leaving directory '/data00/home/zhangjie.tzhangj/leveldb/build/CMakeFiles/CMakeTmp'


    Feature record: CXX_FEATURE:1cxx_aggregate_default_initializers
    Feature record: CXX_FEATURE:1cxx_alias_templates
    Feature record: CXX_FEATURE:1cxx_alignas
    Feature record: CXX_FEATURE:1cxx_alignof
    Feature record: CXX_FEATURE:1cxx_attributes
    Feature record: CXX_FEATURE:1cxx_attribute_deprecated
    Feature record: CXX_FEATURE:1cxx_auto_type
    Feature record: CXX_FEATURE:1cxx_binary_literals
    Feature record: CXX_FEATURE:1cxx_constexpr
    Feature record: CXX_FEATURE:1cxx_contextual_conversions
    Feature record: CXX_FEATURE:1cxx_decltype
    Feature record: CXX_FEATURE:1cxx_decltype_auto
    Feature record: CXX_FEATURE:1cxx_decltype_incomplete_return_types
    Feature record: CXX_FEATURE:1cxx_default_function_template_args
    Feature record: CXX_FEATURE:1cxx_defaulted_functions
    Feature record: CXX_FEATURE:1cxx_defaulted_move_initializers
    Feature record: CXX_FEATURE:1cxx_delegating_constructors
    Feature record: CXX_FEATURE:1cxx_deleted_functions
    Feature record: CXX_FEATURE:1cxx_digit_separators
    Feature record: CXX_FEATURE:1cxx_enum_forward_declarations
    Feature record: CXX_FEATURE:1cxx_explicit_conversions
    Feature record: CXX_FEATURE:1cxx_extended_friend_declarations
    Feature record: CXX_FEATURE:1cxx_extern_templates
    Feature record: CXX_FEATURE:1cxx_final
    Feature record: CXX_FEATURE:1cxx_func_identifier
    Feature record: CXX_FEATURE:1cxx_generalized_initializers
    Feature record: CXX_FEATURE:1cxx_generic_lambdas
    Feature record: CXX_FEATURE:1cxx_inheriting_constructors
    Feature record: CXX_FEATURE:1cxx_inline_namespaces
    Feature record: CXX_FEATURE:1cxx_lambdas
    Feature record: CXX_FEATURE:1cxx_lambda_init_captures
    Feature record: CXX_FEATURE:1cxx_local_type_template_args
    Feature record: CXX_FEATURE:1cxx_long_long_type
    Feature record: CXX_FEATURE:1cxx_noexcept
    Feature record: CXX_FEATURE:1cxx_nonstatic_member_init
    Feature record: CXX_FEATURE:1cxx_nullptr
    Feature record: CXX_FEATURE:1cxx_override
    Feature record: CXX_FEATURE:1cxx_range_for
    Feature record: CXX_FEATURE:1cxx_raw_string_literals
    Feature record: CXX_FEATURE:1cxx_reference_qualified_functions
    Feature record: CXX_FEATURE:1cxx_relaxed_constexpr
    Feature record: CXX_FEATURE:1cxx_return_type_deduction
    Feature record: CXX_FEATURE:1cxx_right_angle_brackets
    Feature record: CXX_FEATURE:1cxx_rvalue_references
    Feature record: CXX_FEATURE:1cxx_sizeof_member
    Feature record: CXX_FEATURE:1cxx_static_assert
    Feature record: CXX_FEATURE:1cxx_strong_enums
    Feature record: CXX_FEATURE:1cxx_template_template_parameters
    Feature record: CXX_FEATURE:1cxx_thread_local
    Feature record: CXX_FEATURE:1cxx_trailing_return_types
    Feature record: CXX_FEATURE:1cxx_unicode_literals
    Feature record: CXX_FEATURE:1cxx_uniform_initialization
    Feature record: CXX_FEATURE:1cxx_unrestricted_unions
    Feature record: CXX_FEATURE:1cxx_user_literals
    Feature record: CXX_FEATURE:1cxx_variable_templates
    Feature record: CXX_FEATURE:1cxx_variadic_macros
    Feature record: CXX_FEATURE:1cxx_variadic_templates


Detecting CXX [-std=c++14] compiler features compiled with the following output:
Change Dir: /home/zhangjie.tzhangj/leveldb/build/CMakeFiles/CMakeTmp

Run Build Command:"/usr/bin/make" "cmTC_95808/fast"
/usr/bin/make -f CMakeFiles/cmTC_95808.dir/build.make CMakeFiles/cmTC_95808.dir/build
make[1]: Entering directory '/data00/home/zhangjie.tzhangj/leveldb/build/CMakeFiles/CMakeTmp'
Building CXX object CMakeFiles/cmTC_95808.dir/feature_tests.cxx.o
/usr/bin/c++    -std=c++14 -o CMakeFiles/cmTC_95808.dir/feature_tests.cxx.o -c /home/zhangjie.tzhangj/leveldb/build/CMakeFiles/feature_tests.cxx
Linking CXX executable cmTC_95808
/data00/cmake-3.13.0/bin/cmake -E cmake_link_script CMakeFiles/cmTC_95808.dir/link.txt --verbose=1
/usr/bin/c++       CMakeFiles/cmTC_95808.dir/feature_tests.cxx.o  -o cmTC_95808 
make[1]: Leaving directory '/data00/home/zhangjie.tzhangj/leveldb/build/CMakeFiles/CMakeTmp'


    Feature record: CXX_FEATURE:1cxx_aggregate_default_initializers
    Feature record: CXX_FEATURE:1cxx_alias_templates
    Feature record: CXX_FEATURE:1cxx_alignas
    Feature record: CXX_FEATURE:1cxx_alignof
    Feature record: CXX_FEATURE:1cxx_attributes
    Feature record: CXX_FEATURE:1cxx_attribute_deprecated
    Feature record: CXX_FEATURE:1cxx_auto_type
    Feature record: CXX_FEATURE:1cxx_binary_literals
    Feature record: CXX_FEATURE:1cxx_constexpr
    Feature record: CXX_FEATURE:1cxx_contextual_conversions
    Feature record: CXX_FEATURE:1cxx_decltype
    Feature record: CXX_FEATURE:1cxx_decltype_auto
    Feature record: CXX_FEATURE:1cxx_decltype_incomplete_return_types
    Feature record: CXX_FEATURE:1cxx_default_function_template_args
    Feature record: CXX_FEATURE:1cxx_defaulted_functions
    Feature record: CXX_FEATURE:1cxx_defaulted_move_initializers
    Feature record: CXX_FEATURE:1cxx_delegating_constructors
    Feature record: CXX_FEATURE:1cxx_deleted_functions
    Feature record: CXX_FEATURE:1cxx_digit_separators
    Feature record: CXX_FEATURE:1cxx_enum_forward_declarations
    Feature record: CXX_FEATURE:1cxx_explicit_conversions
    Feature record: CXX_FEATURE:1cxx_extended_friend_declarations
    Feature record: CXX_FEATURE:1cxx_extern_templates
    Feature record: CXX_FEATURE:1cxx_final
    Feature record: CXX_FEATURE:1cxx_func_identifier
    Feature record: CXX_FEATURE:1cxx_generalized_initializers
    Feature record: CXX_FEATURE:1cxx_generic_lambdas
    Feature record: CXX_FEATURE:1cxx_inheriting_constructors
    Feature record: CXX_FEATURE:1cxx_inline_namespaces
    Feature record: CXX_FEATURE:1cxx_lambdas
    Feature record: CXX_FEATURE:1cxx_lambda_init_captures
    Feature record: CXX_FEATURE:1cxx_local_type_template_args
    Feature record: CXX_FEATURE:1cxx_long_long_type
    Feature record: CXX_FEATURE:1cxx_noexcept
    Feature record: CXX_FEATURE:1cxx_nonstatic_member_init
    Feature record: CXX_FEATURE:1cxx_nullptr
    Feature record: CXX_FEATURE:1cxx_override
    Feature record: CXX_FEATURE:1cxx_range_for
    Feature record: CXX_FEATURE:1cxx_raw_string_literals
    Feature record: CXX_FEATURE:1cxx_reference_qualified_functions
    Feature record: CXX_FEATURE:1cxx_relaxed_constexpr
    Feature record: CXX_FEATURE:1cxx_return_type_deduction
    Feature record: CXX_FEATURE:1cxx_right_angle_brackets
    Feature record: CXX_FEATURE:1cxx_rvalue_references
    Feature record: CXX_FEATURE:1cxx_sizeof_member
    Feature record: CXX_FEATURE:1cxx_static_assert
    Feature record: CXX_FEATURE:1cxx_strong_enums
    Feature record: CXX_FEATURE:1cxx_template_template_parameters
    Feature record: CXX_FEATURE:1cxx_thread_local
    Feature record: CXX_FEATURE:1cxx_trailing_return_types
    Feature record: CXX_FEATURE:1cxx_unicode_literals
    Feature record: CXX_FEATURE:1cxx_uniform_initialization
    Feature record: CXX_FEATURE:1cxx_unrestricted_unions
    Feature record: CXX_FEATURE:1cxx_user_literals
    Feature record: CXX_FEATURE:1cxx_variable_templates
    Feature record: CXX_FEATURE:1cxx_variadic_macros
    Feature record: CXX_FEATURE:1cxx_variadic_templates


Detecting CXX [-std=c++11] compiler features compiled with the following output:
Change Dir: /home/zhangjie.tzhangj/leveldb/build/CMakeFiles/CMakeTmp

Run Build Command:"/usr/bin/make" "cmTC_047ee/fast"
/usr/bin/make -f CMakeFiles/cmTC_047ee.dir/build.make CMakeFiles/cmTC_047ee.dir/build
make[1]: Entering directory '/data00/home/zhangjie.tzhangj/leveldb/build/CMakeFiles/CMakeTmp'
Building CXX object CMakeFiles/cmTC_047ee.dir/feature_tests.cxx.o
/usr/bin/c++    -std=c++11 -o CMakeFiles/cmTC_047ee.dir/feature_tests.cxx.o -c /home/zhangjie.tzhangj/leveldb/build/CMakeFiles/feature_tests.cxx
Linking CXX executable cmTC_047ee
/data00/cmake-3.13.0/bin/cmake -E cmake_link_script CMakeFiles/cmTC_047ee.dir/link.txt --verbose=1
/usr/bin/c++       CMakeFiles/cmTC_047ee.dir/feature_tests.cxx.o  -o cmTC_047ee 
make[1]: Leaving directory '/data00/home/zhangjie.tzhangj/leveldb/build/CMakeFiles/CMakeTmp'


    Feature record: CXX_FEATURE:0cxx_aggregate_default_initializers
    Feature record: CXX_FEATURE:1cxx_alias_templates
    Feature record: CXX_FEATURE:1cxx_alignas
    Feature record: CXX_FEATURE:1cxx_alignof
    Feature record: CXX_FEATURE:1cxx_attributes
    Feature record: CXX_FEATURE:0cxx_attribute_deprecated
    Feature record: CXX_FEATURE:1cxx_auto_type
    Feature record: CXX_FEATURE:0cxx_binary_literals
    Feature record: CXX_FEATURE:1cxx_constexpr
    Feature record: CXX_FEATURE:0cxx_contextual_conversions
    Feature record: CXX_FEATURE:1cxx_decltype
    Feature record: CXX_FEATURE:0cxx_decltype_auto
    Feature record: CXX_FEATURE:1cxx_decltype_incomplete_return_types
    Feature record: CXX_FEATURE:1cxx_default_function_template_args
    Feature record: CXX_FEATURE:1cxx_defaulted_functions
    Feature record: CXX_FEATURE:1cxx_defaulted_move_initializers
    Feature record: CXX_FEATURE:1cxx_delegating_constructors
    Feature record: CXX_FEATURE:1cxx_deleted_functions
    Feature record: CXX_FEATURE:0cxx_digit_separators
    Feature record: CXX_FEATURE:1cxx_enum_forward_declarations
    Feature record: CXX_FEATURE:1cxx_explicit_conversions
    Feature record: CXX_FEATURE:1cxx_extended_friend_declarations
    Feature record: CXX_FEATURE:1cxx_extern_templates
    Feature record: CXX_FEATURE:1cxx_final
    Feature record: CXX_FEATURE:1cxx_func_identifier
    Feature record: CXX_FEATURE:1cxx_generalized_initializers
    Feature record: CXX_FEATURE:0cxx_generic_lambdas
    Feature record: CXX_FEATURE:1cxx_inheriting_constructors
    Feature record: CXX_FEATURE:1cxx_inline_namespaces
    Feature record: CXX_FEATURE:1cxx_lambdas
    Feature record: CXX_FEATURE:0cxx_lambda_init_captures
    Feature record: CXX_FEATURE:1cxx_local_type_template_args
    Feature record: CXX_FEATURE:1cxx_long_long_type
    Feature record: CXX_FEATURE:1cxx_noexcept
    Feature record: CXX_FEATURE:1cxx_nonstatic_member_init
    Feature record: CXX_FEATURE:1cxx_nullptr
    Feature record: CXX_FEATURE:1cxx_override
    Feature record: CXX_FEATURE:1cxx_range_for
    Feature record: CXX_FEATURE:1cxx_raw_string_literals
    Feature record: CXX_FEATURE:1cxx_reference_qualified_functions
    Feature record: CXX_FEATURE:0cxx_relaxed_constexpr
    Feature record: CXX_FEATURE:0cxx_return_type_deduction
    Feature record: CXX_FEATURE:1cxx_right_angle_brackets
    Feature record: CXX_FEATURE:1cxx_rvalue_references
    Feature record: CXX_FEATURE:1cxx_sizeof_member
    Feature record: CXX_FEATURE:1cxx_static_assert
    Feature record: CXX_FEATURE:1cxx_strong_enums
    Feature record: CXX_FEATURE:1cxx_template_template_parameters
    Feature record: CXX_FEATURE:1cxx_thread_local
    Feature record: CXX_FEATURE:1cxx_trailing_return_types
    Feature record: CXX_FEATURE:1cxx_unicode_literals
    Feature record: CXX_FEATURE:1cxx_uniform_initialization
    Feature record: CXX_FEATURE:1cxx_unrestricted_unions
    Feature record: CXX_FEATURE:1cxx_user_literals
    Feature record: CXX_FEATURE:0cxx_variable_templates
    Feature record: CXX_FEATURE:1cxx_variadic_macros
    Feature record: CXX_FEATURE:1cxx_variadic_templates


Detecting CXX [-std=c++98] compiler features compiled with the following output:
Change Dir: /home/zhangjie.tzhangj/leveldb/build/CMakeFiles/CMakeTmp

Run Build Command:"/usr/bin/make" "cmTC_662f0/fast"
/usr/bin/make -f CMakeFiles/cmTC_662f0.dir/build.make CMakeFiles/cmTC_662f0.dir/build
make[1]: Entering directory '/data00/home/zhangjie.tzhangj/leveldb/build/CMakeFiles/CMakeTmp'
Building CXX object CMakeFiles/cmTC_662f0.dir/feature_tests.cxx.o
/usr/bin/c++    -std=c++98 -o CMakeFiles/cmTC_662f0.dir/feature_tests.cxx.o -c /home/zhangjie.tzhangj/leveldb/build/CMakeFiles/feature_tests.cxx
Linking CXX executable cmTC_662f0
/data00/cmake-3.13.0/bin/cmake -E cmake_link_script CMakeFiles/cmTC_662f0.dir/link.txt --verbose=1
/usr/bin/c++       CMakeFiles/cmTC_662f0.dir/feature_tests.cxx.o  -o cmTC_662f0 
make[1]: Leaving directory '/data00/home/zhangjie.tzhangj/leveldb/build/CMakeFiles/CMakeTmp'


    Feature record: CXX_FEATURE:0cxx_aggregate_default_initializers
    Feature record: CXX_FEATURE:0cxx_alias_templates
    Feature record: CXX_FEATURE:0cxx_alignas
    Feature record: CXX_FEATURE:0cxx_alignof
    Feature record: CXX_FEATURE:0cxx_attributes
    Feature record: CXX_FEATURE:0cxx_attribute_deprecated
    Feature record: CXX_FEATURE:0cxx_auto_type
    Feature record: CXX_FEATURE:0cxx_binary_literals
    Feature record: CXX_FEATURE:0cxx_constexpr
    Feature record: CXX_FEATURE:0cxx_contextual_conversions
    Feature record: CXX_FEATURE:0cxx_decltype
    Feature record: CXX_FEATURE:0cxx_decltype_auto
    Feature record: CXX_FEATURE:0cxx_decltype_incomplete_return_types
    Feature record: CXX_FEATURE:0cxx_default_function_template_args
    Feature record: CXX_FEATURE:0cxx_defaulted_functions
    Feature record: CXX_FEATURE:0cxx_defaulted_move_initializers
    Feature record: CXX_FEATURE:0cxx_delegating_constructors
    Feature record: CXX_FEATURE:0cxx_deleted_functions
    Feature record: CXX_FEATURE:0cxx_digit_separators
    Feature record: CXX_FEATURE:0cxx_enum_forward_declarations
    Feature record: CXX_FEATURE:0cxx_explicit_conversions
    Feature record: CXX_FEATURE:0cxx_extended_friend_declarations
    Feature record: CXX_FEATURE:0cxx_extern_templates
    Feature record: CXX_FEATURE:0cxx_final
    Feature record: CXX_FEATURE:0cxx_func_identifier
    Feature record: CXX_FEATURE:0cxx_generalized_initializers
    Feature record: CXX_FEATURE:0cxx_generic_lambdas
    Feature record: CXX_FEATURE:0cxx_inheriting_constructors
    Feature record: CXX_FEATURE:0cxx_inline_namespaces
    Feature record: CXX_FEATURE:0cxx_lambdas
    Feature record: CXX_FEATURE:0cxx_lambda_init_captures
    Feature record: CXX_FEATURE:0cxx_local_type_template_args
    Feature record: CXX_FEATURE:0cxx_long_long_type
    Feature record: CXX_FEATURE:0cxx_noexcept
    Feature record: CXX_FEATURE:0cxx_nonstatic_member_init
    Feature record: CXX_FEATURE:0cxx_nullptr
    Feature record: CXX_FEATURE:0cxx_override
    Feature record: CXX_FEATURE:0cxx_range_for
    Feature record: CXX_FEATURE:0cxx_raw_string_literals
    Feature record: CXX_FEATURE:0cxx_reference_qualified_functions
    Feature record: CXX_FEATURE:0cxx_relaxed_constexpr
    Feature record: CXX_FEATURE:0cxx_return_type_deduction
    Feature record: CXX_FEATURE:0cxx_right_angle_brackets
    Feature record: CXX_FEATURE:0cxx_rvalue_references
    Feature record: CXX_FEATURE:0cxx_sizeof_member
    Feature record: CXX_FEATURE:0cxx_static_assert
    Feature record: CXX_FEATURE:0cxx_strong_enums
    Feature record: CXX_FEATURE:1cxx_template_template_parameters
    Feature record: CXX_FEATURE:0cxx_thread_local
    Feature record: CXX_FEATURE:0cxx_trailing_return_types
    Feature record: CXX_FEATURE:0cxx_unicode_literals
    Feature record: CXX_FEATURE:0cxx_uniform_initialization
    Feature record: CXX_FEATURE:0cxx_unrestricted_unions
    Feature record: CXX_FEATURE:0cxx_user_literals
    Feature record: CXX_FEATURE:0cxx_variable_templates
    Feature record: CXX_FEATURE:0cxx_variadic_macros
    Feature record: CXX_FEATURE:0cxx_variadic_templates
Determining if the include file unistd.h exists passed with the following output:
Change Dir: /home/zhangjie.tzhangj/leveldb/build/CMakeFiles/CMakeTmp

Run Build Command:"/usr/bin/make" "cmTC_a51d9/fast"
/usr/bin/make -f CMakeFiles/cmTC_a51d9.dir/build.make CMakeFiles/cmTC_a51d9.dir/build
make[1]: Entering directory '/data00/home/zhangjie.tzhangj/leveldb/build/CMakeFiles/CMakeTmp'
Building C object CMakeFiles/cmTC_a51d9.dir/CheckIncludeFile.c.o
/usr/bin/cc   -std=c11 -o CMakeFiles/cmTC_a51d9.dir/CheckIncludeFile.c.o   -c /home/zhangjie.tzhangj/leveldb/build/CMakeFiles/CMakeTmp/CheckIncludeFile.c
Linking C executable cmTC_a51d9
/data00/cmake-3.13.0/bin/cmake -E cmake_link_script CMakeFiles/cmTC_a51d9.dir/link.txt --verbose=1
/usr/bin/cc      CMakeFiles/cmTC_a51d9.dir/CheckIncludeFile.c.o  -o cmTC_a51d9 
make[1]: Leaving directory '/data00/home/zhangjie.tzhangj/leveldb/build/CMakeFiles/CMakeTmp'


Determining if the function snappy_compress exists in the snappy passed with the following output:
Change Dir: /home/zhangjie.tzhangj/leveldb/build/CMakeFiles/CMakeTmp

Run Build Command:"/usr/bin/make" "cmTC_f97a0/fast"
/usr/bin/make -f CMakeFiles/cmTC_f97a0.dir/build.make CMakeFiles/cmTC_f97a0.dir/build
make[1]: Entering directory '/data00/home/zhangjie.tzhangj/leveldb/build/CMakeFiles/CMakeTmp'
Building C object CMakeFiles/cmTC_f97a0.dir/CheckFunctionExists.c.o
/usr/bin/cc   -DCHECK_FUNCTION_EXISTS=snappy_compress   -std=c11 -o CMakeFiles/cmTC_f97a0.dir/CheckFunctionExists.c.o   -c /data00/cmake-3.13.0/share/cmake-3.13/Modules/CheckFunctionExists.c
Linking C executable cmTC_f97a0
/data00/cmake-3.13.0/bin/cmake -E cmake_link_script CMakeFiles/cmTC_f97a0.dir/link.txt --verbose=1
/usr/bin/cc  -DCHECK_FUNCTION_EXISTS=snappy_compress    CMakeFiles/cmTC_f97a0.dir/CheckFunctionExists.c.o  -o cmTC_f97a0 -lsnappy 
make[1]: Leaving directory '/data00/home/zhangjie.tzhangj/leveldb/build/CMakeFiles/CMakeTmp'


Determining if the fdatasync exist passed with the following output:
Change Dir: /home/zhangjie.tzhangj/leveldb/build/CMakeFiles/CMakeTmp

Run Build Command:"/usr/bin/make" "cmTC_fb1cc/fast"
/usr/bin/make -f CMakeFiles/cmTC_fb1cc.dir/build.make CMakeFiles/cmTC_fb1cc.dir/build
make[1]: Entering directory '/data00/home/zhangjie.tzhangj/leveldb/build/CMakeFiles/CMakeTmp'
Building CXX object CMakeFiles/cmTC_fb1cc.dir/CheckSymbolExists.cxx.o
/usr/bin/c++    -std=c++11 -o CMakeFiles/cmTC_fb1cc.dir/CheckSymbolExists.cxx.o -c /home/zhangjie.tzhangj/leveldb/build/CMakeFiles/CMakeTmp/CheckSymbolExists.cxx
Linking CXX executable cmTC_fb1cc
/data00/cmake-3.13.0/bin/cmake -E cmake_link_script CMakeFiles/cmTC_fb1cc.dir/link.txt --verbose=1
/usr/bin/c++       CMakeFiles/cmTC_fb1cc.dir/CheckSymbolExists.cxx.o  -o cmTC_fb1cc 
make[1]: Leaving directory '/data00/home/zhangjie.tzhangj/leveldb/build/CMakeFiles/CMakeTmp'

File /home/zhangjie.tzhangj/leveldb/build/CMakeFiles/CMakeTmp/CheckSymbolExists.cxx:
/* */
#include <unistd.h>

int main(int argc, char** argv)
{
  (void)argv;
#ifndef fdatasync
  return ((int*)(&fdatasync))[argc];
#else
  (void)argc;
  return 0;
#endif
}

Determining if the O_CLOEXEC exist passed with the following output:
Change Dir: /home/zhangjie.tzhangj/leveldb/build/CMakeFiles/CMakeTmp

Run Build Command:"/usr/bin/make" "cmTC_ab1e0/fast"
/usr/bin/make -f CMakeFiles/cmTC_ab1e0.dir/build.make CMakeFiles/cmTC_ab1e0.dir/build
make[1]: Entering directory '/data00/home/zhangjie.tzhangj/leveldb/build/CMakeFiles/CMakeTmp'
Building CXX object CMakeFiles/cmTC_ab1e0.dir/CheckSymbolExists.cxx.o
/usr/bin/c++    -std=c++11 -o CMakeFiles/cmTC_ab1e0.dir/CheckSymbolExists.cxx.o -c /home/zhangjie.tzhangj/leveldb/build/CMakeFiles/CMakeTmp/CheckSymbolExists.cxx
Linking CXX executable cmTC_ab1e0
/data00/cmake-3.13.0/bin/cmake -E cmake_link_script CMakeFiles/cmTC_ab1e0.dir/link.txt --verbose=1
/usr/bin/c++       CMakeFiles/cmTC_ab1e0.dir/CheckSymbolExists.cxx.o  -o cmTC_ab1e0 
make[1]: Leaving directory '/data00/home/zhangjie.tzhangj/leveldb/build/CMakeFiles/CMakeTmp'

File /home/zhangjie.tzhangj/leveldb/build/CMakeFiles/CMakeTmp/CheckSymbolExists.cxx:
/* */
#include <fcntl.h>

int main(int argc, char** argv)
{
  (void)argv;
#ifndef O_CLOEXEC
  return ((int*)(&O_CLOEXEC))[argc];
#else
  (void)argc;
  return 0;
#endif
}

Performing C++ SOURCE FILE Test LEVELDB_HAVE_NO_MISSING_FIELD_INITIALIZERS succeeded with the following output:
Change Dir: /home/zhangjie.tzhangj/leveldb/build/CMakeFiles/CMakeTmp

Run Build Command:"/usr/bin/make" "cmTC_946f9/fast"
/usr/bin/make -f CMakeFiles/cmTC_946f9.dir/build.make CMakeFiles/cmTC_946f9.dir/build
make[1]: Entering directory '/data00/home/zhangjie.tzhangj/leveldb/build/CMakeFiles/CMakeTmp'
Building CXX object CMakeFiles/cmTC_946f9.dir/src.cxx.o
/usr/bin/c++    -fno-exceptions -fno-rtti -DLEVELDB_HAVE_NO_MISSING_FIELD_INITIALIZERS   -Wno-missing-field-initializers -std=c++11 -o CMakeFiles/cmTC_946f9.dir/src.cxx.o -c /home/zhangjie.tzhangj/leveldb/build/CMakeFiles/CMakeTmp/src.cxx
Linking CXX executable cmTC_946f9
/data00/cmake-3.13.0/bin/cmake -E cmake_link_script CMakeFiles/cmTC_946f9.dir/link.txt --verbose=1
/usr/bin/c++   -fno-exceptions -fno-rtti -DLEVELDB_HAVE_NO_MISSING_FIELD_INITIALIZERS    CMakeFiles/cmTC_946f9.dir/src.cxx.o  -o cmTC_946f9 
make[1]: Leaving directory '/data00/home/zhangjie.tzhangj/leveldb/build/CMakeFiles/CMakeTmp'

Source file was:
int main() { return 0; }
Performing C++ SOURCE FILE Test HAVE_CXX17_HAS_INCLUDE succeeded with the following output:
Change Dir: /home/zhangjie.tzhangj/leveldb/build/CMakeFiles/CMakeTmp

Run Build Command:"/usr/bin/make" "cmTC_ce852/fast"
/usr/bin/make -f CMakeFiles/cmTC_ce852.dir/build.make CMakeFiles/cmTC_ce852.dir/build
make[1]: Entering directory '/data00/home/zhangjie.tzhangj/leveldb/build/CMakeFiles/CMakeTmp'
Building CXX object CMakeFiles/cmTC_ce852.dir/src.cxx.o
/usr/bin/c++    -fno-exceptions -fno-rtti -DHAVE_CXX17_HAS_INCLUDE   -std=c++11 -o CMakeFiles/cmTC_ce852.dir/src.cxx.o -c /home/zhangjie.tzhangj/leveldb/build/CMakeFiles/CMakeTmp/src.cxx
Linking CXX executable cmTC_ce852
/data00/cmake-3.13.0/bin/cmake -E cmake_link_script CMakeFiles/cmTC_ce852.dir/link.txt --verbose=1
/usr/bin/c++   -fno-exceptions -fno-rtti -DHAVE_CXX17_HAS_INCLUDE    CMakeFiles/cmTC_ce852.dir/src.cxx.o  -o cmTC_ce852 
make[1]: Leaving directory '/data00/home/zhangjie.tzhangj/leveldb/build/CMakeFiles/CMakeTmp'

Source file was:

#if defined(__has_include) &&  __has_include(<string>)
#include <string>
#endif
int main() { std::string str; return 0; }

Determining if the include file pthread.h exists passed with the following output:
Change Dir: /home/zhangjie.tzhangj/leveldb/build/CMakeFiles/CMakeTmp

Run Build Command:"/usr/bin/make" "cmTC_4adbc/fast"
/usr/bin/make -f CMakeFiles/cmTC_4adbc.dir/build.make CMakeFiles/cmTC_4adbc.dir/build
make[1]: Entering directory '/data00/home/zhangjie.tzhangj/leveldb/build/CMakeFiles/CMakeTmp'
Building C object CMakeFiles/cmTC_4adbc.dir/CheckIncludeFile.c.o
/usr/bin/cc   -Wstrict-prototypes    -std=c11 -o CMakeFiles/cmTC_4adbc.dir/CheckIncludeFile.c.o   -c /home/zhangjie.tzhangj/leveldb/build/CMakeFiles/CMakeTmp/CheckIncludeFile.c
Linking C executable cmTC_4adbc
/data00/cmake-3.13.0/bin/cmake -E cmake_link_script CMakeFiles/cmTC_4adbc.dir/link.txt --verbose=1
/usr/bin/cc  -Wstrict-prototypes     CMakeFiles/cmTC_4adbc.dir/CheckIncludeFile.c.o  -o cmTC_4adbc 
make[1]: Leaving directory '/data00/home/zhangjie.tzhangj/leveldb/build/CMakeFiles/CMakeTmp'


Determining if the function pthread_create exists in the pthread passed with the following output:
Change Dir: /home/zhangjie.tzhangj/leveldb/build/CMakeFiles/CMakeTmp

Run Build Command:"/usr/bin/make" "cmTC_b39bb/fast"
/usr/bin/make -f CMakeFiles/cmTC_b39bb.dir/build.make CMakeFiles/cmTC_b39bb.dir/build
make[1]: Entering directory '/data00/home/zhangjie.tzhangj/leveldb/build/CMakeFiles/CMakeTmp'
Building C object CMakeFiles/cmTC_b39bb.dir/CheckFunctionExists.c.o
/usr/bin/cc   -Wstrict-prototypes -DCHECK_FUNCTION_EXISTS=pthread_create   -std=c11 -o CMakeFiles/cmTC_b39bb.dir/CheckFunctionExists.c.o   -c /data00/cmake-3.13.0/share/cmake-3.13/Modules/CheckFunctionExists.c
Linking C executable cmTC_b39bb
/data00/cmake-3.13.0/bin/cmake -E cmake_link_script CMakeFiles/cmTC_b39bb.dir/link.txt --verbose=1
/usr/bin/cc  -Wstrict-prototypes -DCHECK_FUNCTION_EXISTS=pthread_create    CMakeFiles/cmTC_b39bb.dir/CheckFunctionExists.c.o  -o cmTC_b39bb -lpthread 
make[1]: Leaving directory '/data00/home/zhangjie.tzhangj/leveldb/build/CMakeFiles/CMakeTmp'


Performing C++ SOURCE FILE Test HAVE_CXX_FLAG_STD_CXX11 succeeded with the following output:
Change Dir: /home/zhangjie.tzhangj/leveldb/build/CMakeFiles/CMakeTmp

Run Build Command:"/usr/bin/make" "cmTC_77c34/fast"
/usr/bin/make -f CMakeFiles/cmTC_77c34.dir/build.make CMakeFiles/cmTC_77c34.dir/build
make[1]: Entering directory '/data00/home/zhangjie.tzhangj/leveldb/build/CMakeFiles/CMakeTmp'
Building CXX object CMakeFiles/cmTC_77c34.dir/src.cxx.o
/usr/bin/c++    -fno-exceptions -fno-rtti -DHAVE_CXX_FLAG_STD_CXX11  -std=c++11   -std=c++11 -std=c++11 -o CMakeFiles/cmTC_77c34.dir/src.cxx.o -c /home/zhangjie.tzhangj/leveldb/build/CMakeFiles/CMakeTmp/src.cxx
Linking CXX executable cmTC_77c34
/data00/cmake-3.13.0/bin/cmake -E cmake_link_script CMakeFiles/cmTC_77c34.dir/link.txt --verbose=1
/usr/bin/c++   -fno-exceptions -fno-rtti -DHAVE_CXX_FLAG_STD_CXX11  -std=c++11    CMakeFiles/cmTC_77c34.dir/src.cxx.o  -o cmTC_77c34 
make[1]: Leaving directory '/data00/home/zhangjie.tzhangj/leveldb/build/CMakeFiles/CMakeTmp'

Source file was:
int main() { return 0; }
Performing C++ SOURCE FILE Test HAVE_CXX_FLAG_WALL succeeded with the following output:
Change Dir: /home/zhangjie.tzhangj/leveldb/build/CMakeFiles/CMakeTmp

Run Build Command:"/usr/bin/make" "cmTC_6ca2c/fast"
/usr/bin/make -f CMakeFiles/cmTC_6ca2c.dir/build.make CMakeFiles/cmTC_6ca2c.dir/build
make[1]: Entering directory '/data00/home/zhangjie.tzhangj/leveldb/build/CMakeFiles/CMakeTmp'
Building CXX object CMakeFiles/cmTC_6ca2c.dir/src.cxx.o
/usr/bin/c++    -fno-exceptions -fno-rtti  -std=c++11 -DHAVE_CXX_FLAG_WALL  -Wall   -Wall -std=c++11 -o CMakeFiles/cmTC_6ca2c.dir/src.cxx.o -c /home/zhangjie.tzhangj/leveldb/build/CMakeFiles/CMakeTmp/src.cxx
Linking CXX executable cmTC_6ca2c
/data00/cmake-3.13.0/bin/cmake -E cmake_link_script CMakeFiles/cmTC_6ca2c.dir/link.txt --verbose=1
/usr/bin/c++   -fno-exceptions -fno-rtti  -std=c++11 -DHAVE_CXX_FLAG_WALL  -Wall    CMakeFiles/cmTC_6ca2c.dir/src.cxx.o  -o cmTC_6ca2c 
make[1]: Leaving directory '/data00/home/zhangjie.tzhangj/leveldb/build/CMakeFiles/CMakeTmp'

Source file was:
int main() { return 0; }
Performing C++ SOURCE FILE Test HAVE_CXX_FLAG_WEXTRA succeeded with the following output:
Change Dir: /home/zhangjie.tzhangj/leveldb/build/CMakeFiles/CMakeTmp

Run Build Command:"/usr/bin/make" "cmTC_31228/fast"
/usr/bin/make -f CMakeFiles/cmTC_31228.dir/build.make CMakeFiles/cmTC_31228.dir/build
make[1]: Entering directory '/data00/home/zhangjie.tzhangj/leveldb/build/CMakeFiles/CMakeTmp'
Building CXX object CMakeFiles/cmTC_31228.dir/src.cxx.o
/usr/bin/c++    -fno-exceptions -fno-rtti  -std=c++11  -Wall -DHAVE_CXX_FLAG_WEXTRA  -Wextra   -Wextra -std=c++11 -o CMakeFiles/cmTC_31228.dir/src.cxx.o -c /home/zhangjie.tzhangj/leveldb/build/CMakeFiles/CMakeTmp/src.cxx
Linking CXX executable cmTC_31228
/data00/cmake-3.13.0/bin/cmake -E cmake_link_script CMakeFiles/cmTC_31228.dir/link.txt --verbose=1
/usr/bin/c++   -fno-exceptions -fno-rtti  -std=c++11  -Wall -DHAVE_CXX_FLAG_WEXTRA  -Wextra    CMakeFiles/cmTC_31228.dir/src.cxx.o  -o cmTC_31228 
make[1]: Leaving directory '/data00/home/zhangjie.tzhangj/leveldb/build/CMakeFiles/CMakeTmp'

Source file was:
int main() { return 0; }
Performing C++ SOURCE FILE Test HAVE_CXX_FLAG_WSHADOW succeeded with the following output:
Change Dir: /home/zhangjie.tzhangj/leveldb/build/CMakeFiles/CMakeTmp

Run Build Command:"/usr/bin/make" "cmTC_2522c/fast"
/usr/bin/make -f CMakeFiles/cmTC_2522c.dir/build.make CMakeFiles/cmTC_2522c.dir/build
make[1]: Entering directory '/data00/home/zhangjie.tzhangj/leveldb/build/CMakeFiles/CMakeTmp'
Building CXX object CMakeFiles/cmTC_2522c.dir/src.cxx.o
/usr/bin/c++    -fno-exceptions -fno-rtti  -std=c++11  -Wall  -Wextra -DHAVE_CXX_FLAG_WSHADOW  -Wshadow   -Wshadow -std=c++11 -o CMakeFiles/cmTC_2522c.dir/src.cxx.o -c /home/zhangjie.tzhangj/leveldb/build/CMakeFiles/CMakeTmp/src.cxx
Linking CXX executable cmTC_2522c
/data00/cmake-3.13.0/bin/cmake -E cmake_link_script CMakeFiles/cmTC_2522c.dir/link.txt --verbose=1
/usr/bin/c++   -fno-exceptions -fno-rtti  -std=c++11  -Wall  -Wextra -DHAVE_CXX_FLAG_WSHADOW  -Wshadow    CMakeFiles/cmTC_2522c.dir/src.cxx.o  -o cmTC_2522c 
make[1]: Leaving directory '/data00/home/zhangjie.tzhangj/leveldb/build/CMakeFiles/CMakeTmp'

Source file was:
int main() { return 0; }
Performing C++ SOURCE FILE Test HAVE_CXX_FLAG_WERROR succeeded with the following output:
Change Dir: /home/zhangjie.tzhangj/leveldb/build/CMakeFiles/CMakeTmp

Run Build Command:"/usr/bin/make" "cmTC_3d9f4/fast"
/usr/bin/make -f CMakeFiles/cmTC_3d9f4.dir/build.make CMakeFiles/cmTC_3d9f4.dir/build
make[1]: Entering directory '/data00/home/zhangjie.tzhangj/leveldb/build/CMakeFiles/CMakeTmp'
Building CXX object CMakeFiles/cmTC_3d9f4.dir/src.cxx.o
/usr/bin/c++    -fno-exceptions -fno-rtti  -std=c++11  -Wall  -Wextra  -Wshadow -DHAVE_CXX_FLAG_WERROR  -Werror   -Werror -std=c++11 -o CMakeFiles/cmTC_3d9f4.dir/src.cxx.o -c /home/zhangjie.tzhangj/leveldb/build/CMakeFiles/CMakeTmp/src.cxx
Linking CXX executable cmTC_3d9f4
/data00/cmake-3.13.0/bin/cmake -E cmake_link_script CMakeFiles/cmTC_3d9f4.dir/link.txt --verbose=1
/usr/bin/c++   -fno-exceptions -fno-rtti  -std=c++11  -Wall  -Wextra  -Wshadow -DHAVE_CXX_FLAG_WERROR  -Werror    CMakeFiles/cmTC_3d9f4.dir/src.cxx.o  -o cmTC_3d9f4 
make[1]: Leaving directory '/data00/home/zhangjie.tzhangj/leveldb/build/CMakeFiles/CMakeTmp'

Source file was:
int main() { return 0; }
Performing C++ SOURCE FILE Test HAVE_CXX_FLAG_FSTRICT_ALIASING succeeded with the following output:
Change Dir: /home/zhangjie.tzhangj/leveldb/build/CMakeFiles/CMakeTmp

Run Build Command:"/usr/bin/make" "cmTC_fac83/fast"
/usr/bin/make -f CMakeFiles/cmTC_fac83.dir/build.make CMakeFiles/cmTC_fac83.dir/build
make[1]: Entering directory '/data00/home/zhangjie.tzhangj/leveldb/build/CMakeFiles/CMakeTmp'
Building CXX object CMakeFiles/cmTC_fac83.dir/src.cxx.o
/usr/bin/c++    -fno-exceptions -fno-rtti  -std=c++11  -Wall  -Wextra  -Wshadow -DHAVE_CXX_FLAG_FSTRICT_ALIASING  -fstrict-aliasing   -fstrict-aliasing -std=c++11 -o CMakeFiles/cmTC_fac83.dir/src.cxx.o -c /home/zhangjie.tzhangj/leveldb/build/CMakeFiles/CMakeTmp/src.cxx
Linking CXX executable cmTC_fac83
/data00/cmake-3.13.0/bin/cmake -E cmake_link_script CMakeFiles/cmTC_fac83.dir/link.txt --verbose=1
/usr/bin/c++   -fno-exceptions -fno-rtti  -std=c++11  -Wall  -Wextra  -Wshadow -DHAVE_CXX_FLAG_FSTRICT_ALIASING  -fstrict-aliasing    CMakeFiles/cmTC_fac83.dir/src.cxx.o  -o cmTC_fac83 
make[1]: Leaving directory '/data00/home/zhangjie.tzhangj/leveldb/build/CMakeFiles/CMakeTmp'

Source file was:
int main() { return 0; }
Performing C++ SOURCE FILE Test HAVE_CXX_FLAG_WNO_DEPRECATED_DECLARATIONS succeeded with the following output:
Change Dir: /home/zhangjie.tzhangj/leveldb/build/CMakeFiles/CMakeTmp

Run Build Command:"/usr/bin/make" "cmTC_4b428/fast"
/usr/bin/make -f CMakeFiles/cmTC_4b428.dir/build.make CMakeFiles/cmTC_4b428.dir/build
make[1]: Entering directory '/data00/home/zhangjie.tzhangj/leveldb/build/CMakeFiles/CMakeTmp'
Building CXX object CMakeFiles/cmTC_4b428.dir/src.cxx.o
/usr/bin/c++    -fno-exceptions -fno-rtti  -std=c++11  -Wall  -Wextra  -Wshadow  -fstrict-aliasing -DHAVE_CXX_FLAG_WNO_DEPRECATED_DECLARATIONS  -Wno-deprecated-declarations   -Wno-deprecated-declarations -std=c++11 -o CMakeFiles/cmTC_4b428.dir/src.cxx.o -c /home/zhangjie.tzhangj/leveldb/build/CMakeFiles/CMakeTmp/src.cxx
Linking CXX executable cmTC_4b428
/data00/cmake-3.13.0/bin/cmake -E cmake_link_script CMakeFiles/cmTC_4b428.dir/link.txt --verbose=1
/usr/bin/c++   -fno-exceptions -fno-rtti  -std=c++11  -Wall  -Wextra  -Wshadow  -fstrict-aliasing -DHAVE_CXX_FLAG_WNO_DEPRECATED_DECLARATIONS  -Wno-deprecated-declarations    CMakeFiles/cmTC_4b428.dir/src.cxx.o  -o cmTC_4b428 
make[1]: Leaving directory '/data00/home/zhangjie.tzhangj/leveldb/build/CMakeFiles/CMakeTmp'

Source file was:
int main() { return 0; }
Performing C++ SOURCE FILE Test HAVE_CXX_FLAG_WNO_DEPRECATED succeeded with the following output:
Change Dir: /home/zhangjie.tzhangj/leveldb/build/CMakeFiles/CMakeTmp

Run Build Command:"/usr/bin/make" "cmTC_4b553/fast"
/usr/bin/make -f CMakeFiles/cmTC_4b553.dir/build.make CMakeFiles/cmTC_4b553.dir/build
make[1]: Entering directory '/data00/home/zhangjie.tzhangj/leveldb/build/CMakeFiles/CMakeTmp'
Building CXX object CMakeFiles/cmTC_4b553.dir/src.cxx.o
/usr/bin/c++    -fno-exceptions -fno-rtti  -std=c++11  -Wall  -Wextra  -Wshadow  -fstrict-aliasing  -Wno-deprecated-declarations -DHAVE_CXX_FLAG_WNO_DEPRECATED  -Wno-deprecated   -Wno-deprecated -std=c++11 -o CMakeFiles/cmTC_4b553.dir/src.cxx.o -c /home/zhangjie.tzhangj/leveldb/build/CMakeFiles/CMakeTmp/src.cxx
Linking CXX executable cmTC_4b553
/data00/cmake-3.13.0/bin/cmake -E cmake_link_script CMakeFiles/cmTC_4b553.dir/link.txt --verbose=1
/usr/bin/c++   -fno-exceptions -fno-rtti  -std=c++11  -Wall  -Wextra  -Wshadow  -fstrict-aliasing  -Wno-deprecated-declarations -DHAVE_CXX_FLAG_WNO_DEPRECATED  -Wno-deprecated    CMakeFiles/cmTC_4b553.dir/src.cxx.o  -o cmTC_4b553 
make[1]: Leaving directory '/data00/home/zhangjie.tzhangj/leveldb/build/CMakeFiles/CMakeTmp'

Source file was:
int main() { return 0; }
Performing C++ SOURCE FILE Test HAVE_CXX_FLAG_FNO_EXCEPTIONS succeeded with the following output:
Change Dir: /home/zhangjie.tzhangj/leveldb/build/CMakeFiles/CMakeTmp

Run Build Command:"/usr/bin/make" "cmTC_0aaae/fast"
/usr/bin/make -f CMakeFiles/cmTC_0aaae.dir/build.make CMakeFiles/cmTC_0aaae.dir/build
make[1]: Entering directory '/data00/home/zhangjie.tzhangj/leveldb/build/CMakeFiles/CMakeTmp'
Building CXX object CMakeFiles/cmTC_0aaae.dir/src.cxx.o
/usr/bin/c++    -fno-exceptions -fno-rtti  -std=c++11  -Wall  -Wextra  -Wshadow  -fstrict-aliasing  -Wno-deprecated-declarations -DHAVE_CXX_FLAG_FNO_EXCEPTIONS  -fno-exceptions   -fno-exceptions -std=c++11 -o CMakeFiles/cmTC_0aaae.dir/src.cxx.o -c /home/zhangjie.tzhangj/leveldb/build/CMakeFiles/CMakeTmp/src.cxx
Linking CXX executable cmTC_0aaae
/data00/cmake-3.13.0/bin/cmake -E cmake_link_script CMakeFiles/cmTC_0aaae.dir/link.txt --verbose=1
/usr/bin/c++   -fno-exceptions -fno-rtti  -std=c++11  -Wall  -Wextra  -Wshadow  -fstrict-aliasing  -Wno-deprecated-declarations -DHAVE_CXX_FLAG_FNO_EXCEPTIONS  -fno-exceptions    CMakeFiles/cmTC_0aaae.dir/src.cxx.o  -o cmTC_0aaae 
make[1]: Leaving directory '/data00/home/zhangjie.tzhangj/leveldb/build/CMakeFiles/CMakeTmp'

Source file was:
int main() { return 0; }
Performing C++ SOURCE FILE Test HAVE_CXX_FLAG_WSTRICT_ALIASING succeeded with the following output:
Change Dir: /home/zhangjie.tzhangj/leveldb/build/CMakeFiles/CMakeTmp

Run Build Command:"/usr/bin/make" "cmTC_5d24a/fast"
/usr/bin/make -f CMakeFiles/cmTC_5d24a.dir/build.make CMakeFiles/cmTC_5d24a.dir/build
make[1]: Entering directory '/data00/home/zhangjie.tzhangj/leveldb/build/CMakeFiles/CMakeTmp'
Building CXX object CMakeFiles/cmTC_5d24a.dir/src.cxx.o
/usr/bin/c++    -fno-exceptions -fno-rtti  -std=c++11  -Wall  -Wextra  -Wshadow  -fstrict-aliasing  -Wno-deprecated-declarations  -fno-exceptions -DHAVE_CXX_FLAG_WSTRICT_ALIASING  -Wstrict-aliasing   -Wstrict-aliasing -std=c++11 -o CMakeFiles/cmTC_5d24a.dir/src.cxx.o -c /home/zhangjie.tzhangj/leveldb/build/CMakeFiles/CMakeTmp/src.cxx
Linking CXX executable cmTC_5d24a
/data00/cmake-3.13.0/bin/cmake -E cmake_link_script CMakeFiles/cmTC_5d24a.dir/link.txt --verbose=1
/usr/bin/c++   -fno-exceptions -fno-rtti  -std=c++11  -Wall  -Wextra  -Wshadow  -fstrict-aliasing  -Wno-deprecated-declarations  -fno-exceptions -DHAVE_CXX_FLAG_WSTRICT_ALIASING  -Wstrict-aliasing    CMakeFiles/cmTC_5d24a.dir/src.cxx.o  -o cmTC_5d24a 
make[1]: Leaving directory '/data00/home/zhangjie.tzhangj/leveldb/build/CMakeFiles/CMakeTmp'

Source file was:
int main() { return 0; }
Performing C++ SOURCE FILE Test HAVE_CXX_FLAG_COVERAGE succeeded with the following output:
Change Dir: /home/zhangjie.tzhangj/leveldb/build/CMakeFiles/CMakeTmp

Run Build Command:"/usr/bin/make" "cmTC_e99e6/fast"
/usr/bin/make -f CMakeFiles/cmTC_e99e6.dir/build.make CMakeFiles/cmTC_e99e6.dir/build
make[1]: Entering directory '/data00/home/zhangjie.tzhangj/leveldb/build/CMakeFiles/CMakeTmp'
Building CXX object CMakeFiles/cmTC_e99e6.dir/src.cxx.o
/usr/bin/c++    -fno-exceptions -fno-rtti  -std=c++11  -Wall  -Wextra  -Wshadow  -fstrict-aliasing  -Wno-deprecated-declarations  -fno-exceptions  -Wstrict-aliasing -DHAVE_CXX_FLAG_COVERAGE  --coverage   --coverage -std=c++11 -o CMakeFiles/cmTC_e99e6.dir/src.cxx.o -c /home/zhangjie.tzhangj/leveldb/build/CMakeFiles/CMakeTmp/src.cxx
Linking CXX executable cmTC_e99e6
/data00/cmake-3.13.0/bin/cmake -E cmake_link_script CMakeFiles/cmTC_e99e6.dir/link.txt --verbose=1
/usr/bin/c++   -fno-exceptions -fno-rtti  -std=c++11  -Wall  -Wextra  -Wshadow  -fstrict-aliasing  -Wno-deprecated-declarations  -fno-exceptions  -Wstrict-aliasing -DHAVE_CXX_FLAG_COVERAGE  --coverage    CMakeFiles/cmTC_e99e6.dir/src.cxx.o  -o cmTC_e99e6 
make[1]: Leaving directory '/data00/home/zhangjie.tzhangj/leveldb/build/CMakeFiles/CMakeTmp'

Source file was:
int main() { return 0; }
